#
# There is insufficient memory for the Java Runtime Environment to continue.
# Native memory allocation (malloc) failed to allocate 611536 bytes for Chunk::new
# Possible reasons:
#   The system is out of physical RAM or swap space
#   The process is running with CompressedOops enabled, and the Java Heap may be blocking the growth of the native heap
# Possible solutions:
#   Reduce memory load on the system
#   Increase physical memory or swap space
#   Check if swap backing store is full
#   Decrease Java heap size (-Xmx/-Xms)
#   Decrease number of Java threads
#   Decrease Java thread stack sizes (-Xss)
#   Set larger code cache with -XX:ReservedCodeCacheSize=
#   JVM is running with Unscaled Compressed Oops mode in which the Java heap is
#     placed in the first 4GB address space. The Java Heap base address is the
#     maximum limit for the native heap growth. Please use -XX:HeapBaseMinAddress
#     to set the Java Heap base and to place the Java Heap above 4GB virtual address.
# This output file may be truncated or incomplete.
#
#  Out of Memory Error (./open/src/hotspot/share/memory/arena.cpp:197), pid=51640, tid=41480
#
# JRE version: Java(TM) SE Runtime Environment 18.9 (11.0.16.1+1) (build 11.0.16.1+1-LTS-1)
# Java VM: Java HotSpot(TM) 64-Bit Server VM 18.9 (11.0.16.1+1-LTS-1, mixed mode, tiered, compressed oops, g1 gc, windows-amd64)
# No core dump will be written. Minidumps are not enabled by default on client versions of Windows
#

---------------  S U M M A R Y ------------

Command Line: -XX:MaxMetaspaceSize=512m --add-opens=java.base/java.util=ALL-UNNAMED --add-opens=java.base/java.lang=ALL-UNNAMED --add-opens=java.base/java.lang.invoke=ALL-UNNAMED --add-opens=java.prefs/java.util.prefs=ALL-UNNAMED --add-opens=java.base/java.nio.charset=ALL-UNNAMED --add-opens=java.base/java.net=ALL-UNNAMED --add-opens=java.base/java.util.concurrent.atomic=ALL-UNNAMED -Xmx2048m -Dfile.encoding=windows-1252 -Duser.country=US -Duser.language=en -Duser.variant org.gradle.launcher.daemon.bootstrap.GradleDaemon 8.0.1

Host: 11th Gen Intel(R) Core(TM) i5-1145G7 @ 2.60GHz, 8 cores, 15G,  Windows 11 , 64 bit Build 22621 (10.0.22621.2215)
Time: Sat Sep 30 01:01:32 2023 W. Central Africa Standard Time elapsed time: 215.376508 seconds (0d 0h 3m 35s)

---------------  T H R E A D  ---------------

Current thread (0x000002ea44527800):  JavaThread "C2 CompilerThread0" daemon [_thread_in_native, id=41480, stack(0x000000fd55e00000,0x000000fd55f00000)]


Current CompileTask:
C2: 215376 6551       4       java.util.AbstractCollection::addAll (42 bytes)

Stack: [0x000000fd55e00000,0x000000fd55f00000]
Native frames: (J=compiled Java code, j=interpreted, Vv=VM code, C=native code)
V  [jvm.dll+0x62a3da]
V  [jvm.dll+0x76407f]
V  [jvm.dll+0x765729]
V  [jvm.dll+0x765db3]
V  [jvm.dll+0x23dc18]
V  [jvm.dll+0xb2a1c]
V  [jvm.dll+0xb2fdc]
V  [jvm.dll+0x341497]
V  [jvm.dll+0x30ee03]
V  [jvm.dll+0x30e14a]
V  [jvm.dll+0x1f8685]
V  [jvm.dll+0x1f786d]
V  [jvm.dll+0x177c81]
V  [jvm.dll+0x207186]
V  [jvm.dll+0x20531b]
V  [jvm.dll+0x729f60]
V  [jvm.dll+0x722b34]
V  [jvm.dll+0x629276]
C  [ucrtbase.dll+0x29363]
C  [KERNEL32.DLL+0x1257d]
C  [ntdll.dll+0x5aa68]


---------------  P R O C E S S  ---------------

Threads class SMR info:
_java_thread_list=0x000002ea471275b0, length=69, elements={
0x000002ea25c52800, 0x000002ea44508000, 0x000002ea4450a000, 0x000002ea44521000,
0x000002ea44524800, 0x000002ea44525800, 0x000002ea44527800, 0x000002ea4452b000,
0x000002ea4452e000, 0x000002ea44652000, 0x000002ea44eaf000, 0x000002ea46850800,
0x000002ea45a22000, 0x000002ea45886800, 0x000002ea45b07800, 0x000002ea45f40000,
0x000002ea45655800, 0x000002ea239fb000, 0x000002ea44f0c800, 0x000002ea44f0d800,
0x000002ea44f0e800, 0x000002ea45960000, 0x000002ea45960800, 0x000002ea4595f000,
0x000002ea45961800, 0x000002ea45964000, 0x000002ea4595e000, 0x000002ea45963000,
0x000002ea45968000, 0x000002ea45966800, 0x000002ea4596a800, 0x000002ea45967000,
0x000002ea45969800, 0x000002ea45965800, 0x000002ea45964800, 0x000002ea4596b000,
0x000002ea4596c000, 0x000002ea4596d000, 0x000002ea44f0f000, 0x000002ea46f8b800,
0x000002ea46f8c800, 0x000002ea46f88800, 0x000002ea46f8a000, 0x000002ea46f87000,
0x000002ea46f8d800, 0x000002ea46f87800, 0x000002ea46f89800, 0x000002ea46f8b000,
0x000002ea46f91800, 0x000002ea46f94000, 0x000002ea46f93000, 0x000002ea46f8e000,
0x000002ea46f94800, 0x000002ea46f90000, 0x000002ea46f92000, 0x000002ea46f8f000,
0x000002ea46f95800, 0x000002ea46f90800, 0x000002ea47e05000, 0x000002ea47e04000,
0x000002ea47e01000, 0x000002ea47dff800, 0x000002ea47e01800, 0x000002ea47e06000,
0x000002ea47e02800, 0x000002ea47e00000, 0x000002ea47e06800, 0x000002ea47e07800,
0x000002ea47e09000
}

Java Threads: ( => current thread )
  0x000002ea25c52800 JavaThread "main" [_thread_blocked, id=49904, stack(0x000000fd55200000,0x000000fd55300000)]
  0x000002ea44508000 JavaThread "Reference Handler" daemon [_thread_blocked, id=35252, stack(0x000000fd55900000,0x000000fd55a00000)]
  0x000002ea4450a000 JavaThread "Finalizer" daemon [_thread_blocked, id=45424, stack(0x000000fd55a00000,0x000000fd55b00000)]
  0x000002ea44521000 JavaThread "Signal Dispatcher" daemon [_thread_blocked, id=55068, stack(0x000000fd55b00000,0x000000fd55c00000)]
  0x000002ea44524800 JavaThread "Attach Listener" daemon [_thread_blocked, id=45912, stack(0x000000fd55c00000,0x000000fd55d00000)]
  0x000002ea44525800 JavaThread "Service Thread" daemon [_thread_blocked, id=43208, stack(0x000000fd55d00000,0x000000fd55e00000)]
=>0x000002ea44527800 JavaThread "C2 CompilerThread0" daemon [_thread_in_native, id=41480, stack(0x000000fd55e00000,0x000000fd55f00000)]
  0x000002ea4452b000 JavaThread "C1 CompilerThread0" daemon [_thread_blocked, id=49020, stack(0x000000fd55f00000,0x000000fd56000000)]
  0x000002ea4452e000 JavaThread "Sweeper thread" daemon [_thread_blocked, id=53424, stack(0x000000fd56000000,0x000000fd56100000)]
  0x000002ea44652000 JavaThread "Common-Cleaner" daemon [_thread_blocked, id=40664, stack(0x000000fd56100000,0x000000fd56200000)]
  0x000002ea44eaf000 JavaThread "Daemon health stats" [_thread_blocked, id=30076, stack(0x000000fd56800000,0x000000fd56900000)]
  0x000002ea46850800 JavaThread "Incoming local TCP Connector on port 9680" [_thread_in_native, id=53304, stack(0x000000fd55000000,0x000000fd55100000)]
  0x000002ea45a22000 JavaThread "Daemon periodic checks" [_thread_blocked, id=26656, stack(0x000000fd56900000,0x000000fd56a00000)]
  0x000002ea45886800 JavaThread "Daemon" [_thread_blocked, id=31592, stack(0x000000fd56a00000,0x000000fd56b00000)]
  0x000002ea45b07800 JavaThread "Handler for socket connection from /127.0.0.1:9680 to /127.0.0.1:9689" [_thread_in_native, id=53412, stack(0x000000fd56b00000,0x000000fd56c00000)]
  0x000002ea45f40000 JavaThread "Cancel handler" [_thread_blocked, id=54316, stack(0x000000fd56c00000,0x000000fd56d00000)]
  0x000002ea45655800 JavaThread "Daemon worker" [_thread_in_vm, id=40672, stack(0x000000fd56d00000,0x000000fd56e00000)]
  0x000002ea239fb000 JavaThread "Asynchronous log dispatcher for DefaultDaemonConnection: socket connection from /127.0.0.1:9680 to /127.0.0.1:9689" [_thread_blocked, id=52808, stack(0x000000fd56e00000,0x000000fd56f00000)]
  0x000002ea44f0c800 JavaThread "Daemon client event forwarder" [_thread_blocked, id=52748, stack(0x000000fd57000000,0x000000fd57100000)]
  0x000002ea44f0d800 JavaThread "Cache worker for journal cache (C:\Users\Hameed_Ijadunola\.gradle\caches\journal-1)" [_thread_blocked, id=51500, stack(0x000000fd57100000,0x000000fd57200000)]
  0x000002ea44f0e800 JavaThread "File lock request listener" [_thread_in_native, id=46124, stack(0x000000fd57200000,0x000000fd57300000)]
  0x000002ea45960000 JavaThread "Cache worker for file hash cache (C:\Users\Hameed_Ijadunola\.gradle\caches\8.0.1\fileHashes)" [_thread_blocked, id=49808, stack(0x000000fd57700000,0x000000fd57800000)]
  0x000002ea45960800 JavaThread "File watcher server" daemon [_thread_in_native, id=4176, stack(0x000000fd57800000,0x000000fd57900000)]
  0x000002ea4595f000 JavaThread "File watcher consumer" daemon [_thread_blocked, id=53872, stack(0x000000fd57900000,0x000000fd57a00000)]
  0x000002ea45961800 JavaThread "Cache worker for checksums cache (C:\Users\Hameed_Ijadunola\Documents\Lendsqr\FPNews\android\.gradle\8.0.1\checksums)" [_thread_blocked, id=50112, stack(0x000000fd57a00000,0x000000fd57b00000)]
  0x000002ea45964000 JavaThread "Cache worker for cache directory md-rule (C:\Users\Hameed_Ijadunola\.gradle\caches\8.0.1\md-rule)" [_thread_blocked, id=33224, stack(0x000000fd57b00000,0x000000fd57c00000)]
  0x000002ea4595e000 JavaThread "Cache worker for file content cache (C:\Users\Hameed_Ijadunola\.gradle\caches\8.0.1\fileContent)" [_thread_blocked, id=44372, stack(0x000000fd57c00000,0x000000fd57d00000)]
  0x000002ea45963000 JavaThread "Cache worker for file hash cache (C:\Users\Hameed_Ijadunola\Documents\Lendsqr\FPNews\android\.gradle\8.0.1\fileHashes)" [_thread_blocked, id=53708, stack(0x000000fd57d00000,0x000000fd57e00000)]
  0x000002ea45968000 JavaThread "Cache worker for cache directory md-supplier (C:\Users\Hameed_Ijadunola\.gradle\caches\8.0.1\md-supplier)" [_thread_blocked, id=52264, stack(0x000000fd57e00000,0x000000fd57f00000)]
  0x000002ea45966800 JavaThread "Cache worker for execution history cache (C:\Users\Hameed_Ijadunola\.gradle\caches\8.0.1\executionHistory)" [_thread_blocked, id=52688, stack(0x000000fd57f00000,0x000000fd58000000)]
  0x000002ea4596a800 JavaThread "jar transforms" [_thread_blocked, id=54168, stack(0x000000fd54f00000,0x000000fd55000000)]
  0x000002ea45967000 JavaThread "jar transforms Thread 2" [_thread_blocked, id=54296, stack(0x000000fd55100000,0x000000fd55200000)]
  0x000002ea45969800 JavaThread "jar transforms Thread 3" [_thread_blocked, id=14536, stack(0x000000fd58200000,0x000000fd58300000)]
  0x000002ea45965800 JavaThread "jar transforms Thread 4" [_thread_blocked, id=7404, stack(0x000000fd58300000,0x000000fd58400000)]
  0x000002ea45964800 JavaThread "Cache worker for kotlin-dsl (C:\Users\Hameed_Ijadunola\.gradle\caches\8.0.1\kotlin-dsl)" [_thread_blocked, id=46144, stack(0x000000fd56f00000,0x000000fd57000000)]
  0x000002ea4596b000 JavaThread "File lock release action executor Thread 2" [_thread_blocked, id=48940, stack(0x000000fd57300000,0x000000fd57400000)]
  0x000002ea4596c000 JavaThread "jar transforms Thread 5" [_thread_blocked, id=11208, stack(0x000000fd58000000,0x000000fd58100000)]
  0x000002ea4596d000 JavaThread "jar transforms Thread 6" [_thread_blocked, id=56288, stack(0x000000fd58400000,0x000000fd58500000)]
  0x000002ea44f0f000 JavaThread "Cache worker for dependencies-accessors (C:\Users\Hameed_Ijadunola\Documents\Lendsqr\FPNews\android\.gradle\8.0.1\dependencies-accessors)" [_thread_blocked, id=48092, stack(0x000000fd58500000,0x000000fd58600000)]
  0x000002ea46f8b800 JavaThread "Cache worker for Build Output Cleanup Cache (C:\Users\Hameed_Ijadunola\Documents\Lendsqr\FPNews\node_modules\@react-native\gradle-plugin\.gradle\buildOutputCleanup)" [_thread_blocked, id=48500, stack(0x000000fd58600000,0x000000fd58700000)]
  0x000002ea46f8c800 JavaThread "jar transforms Thread 7" [_thread_blocked, id=56980, stack(0x000000fd58700000,0x000000fd58800000)]
  0x000002ea46f88800 JavaThread "Unconstrained build operations" [_thread_blocked, id=57332, stack(0x000000fd58800000,0x000000fd58900000)]
  0x000002ea46f8a000 JavaThread "Unconstrained build operations Thread 2" [_thread_blocked, id=57336, stack(0x000000fd58900000,0x000000fd58a00000)]
  0x000002ea46f87000 JavaThread "Unconstrained build operations Thread 3" [_thread_blocked, id=57340, stack(0x000000fd58a00000,0x000000fd58b00000)]
  0x000002ea46f8d800 JavaThread "Unconstrained build operations Thread 4" [_thread_blocked, id=56252, stack(0x000000fd58b00000,0x000000fd58c00000)]
  0x000002ea46f87800 JavaThread "Unconstrained build operations Thread 5" [_thread_blocked, id=30976, stack(0x000000fd58c00000,0x000000fd58d00000)]
  0x000002ea46f89800 JavaThread "Unconstrained build operations Thread 6" [_thread_blocked, id=38456, stack(0x000000fd58d00000,0x000000fd58e00000)]
  0x000002ea46f8b000 JavaThread "Unconstrained build operations Thread 7" [_thread_blocked, id=53504, stack(0x000000fd58e00000,0x000000fd58f00000)]
  0x000002ea46f91800 JavaThread "Unconstrained build operations Thread 8" [_thread_blocked, id=46088, stack(0x000000fd58f00000,0x000000fd59000000)]
  0x000002ea46f94000 JavaThread "Unconstrained build operations Thread 9" [_thread_blocked, id=56248, stack(0x000000fd59000000,0x000000fd59100000)]
  0x000002ea46f93000 JavaThread "Unconstrained build operations Thread 10" [_thread_blocked, id=47132, stack(0x000000fd59100000,0x000000fd59200000)]
  0x000002ea46f8e000 JavaThread "Unconstrained build operations Thread 11" [_thread_blocked, id=52540, stack(0x000000fd59200000,0x000000fd59300000)]
  0x000002ea46f94800 JavaThread "Unconstrained build operations Thread 12" [_thread_blocked, id=51828, stack(0x000000fd59300000,0x000000fd59400000)]
  0x000002ea46f90000 JavaThread "Unconstrained build operations Thread 13" [_thread_blocked, id=56568, stack(0x000000fd59400000,0x000000fd59500000)]
  0x000002ea46f92000 JavaThread "Unconstrained build operations Thread 14" [_thread_blocked, id=56572, stack(0x000000fd59500000,0x000000fd59600000)]
  0x000002ea46f8f000 JavaThread "Unconstrained build operations Thread 15" [_thread_blocked, id=56616, stack(0x000000fd59600000,0x000000fd59700000)]
  0x000002ea46f95800 JavaThread "Unconstrained build operations Thread 16" [_thread_blocked, id=56548, stack(0x000000fd59700000,0x000000fd59800000)]
  0x000002ea46f90800 JavaThread "Unconstrained build operations Thread 17" [_thread_blocked, id=56628, stack(0x000000fd59800000,0x000000fd59900000)]
  0x000002ea47e05000 JavaThread "Unconstrained build operations Thread 18" [_thread_blocked, id=56624, stack(0x000000fd59900000,0x000000fd59a00000)]
  0x000002ea47e04000 JavaThread "Unconstrained build operations Thread 19" [_thread_blocked, id=56588, stack(0x000000fd59a00000,0x000000fd59b00000)]
  0x000002ea47e01000 JavaThread "Unconstrained build operations Thread 20" [_thread_blocked, id=56600, stack(0x000000fd59b00000,0x000000fd59c00000)]
  0x000002ea47dff800 JavaThread "Unconstrained build operations Thread 21" [_thread_blocked, id=56608, stack(0x000000fd59c00000,0x000000fd59d00000)]
  0x000002ea47e01800 JavaThread "Unconstrained build operations Thread 22" [_thread_blocked, id=56604, stack(0x000000fd59d00000,0x000000fd59e00000)]
  0x000002ea47e06000 JavaThread "Unconstrained build operations Thread 23" [_thread_blocked, id=56596, stack(0x000000fd59e00000,0x000000fd59f00000)]
  0x000002ea47e02800 JavaThread "Unconstrained build operations Thread 24" [_thread_blocked, id=56576, stack(0x000000fd59f00000,0x000000fd5a000000)]
  0x000002ea47e00000 JavaThread "Unconstrained build operations Thread 25" [_thread_blocked, id=56544, stack(0x000000fd5a000000,0x000000fd5a100000)]
  0x000002ea47e06800 JavaThread "Unconstrained build operations Thread 26" [_thread_blocked, id=56580, stack(0x000000fd5a100000,0x000000fd5a200000)]
  0x000002ea47e07800 JavaThread "jar transforms Thread 8" [_thread_blocked, id=48780, stack(0x000000fd5a300000,0x000000fd5a400000)]
  0x000002ea47e09000 JavaThread "Memory manager" [_thread_blocked, id=57096, stack(0x000000fd5a400000,0x000000fd5a500000)]

Other Threads:
  0x000002ea43cbe800 VMThread "VM Thread" [stack: 0x000000fd55800000,0x000000fd55900000] [id=31200]
  0x000002ea446dc000 WatcherThread [stack: 0x000000fd56200000,0x000000fd56300000] [id=43452]
  0x000002ea25c69000 GCTaskThread "GC Thread#0" [stack: 0x000000fd55300000,0x000000fd55400000] [id=34944]
  0x000002ea451cd800 GCTaskThread "GC Thread#1" [stack: 0x000000fd56300000,0x000000fd56400000] [id=52520]
  0x000002ea44b2e800 GCTaskThread "GC Thread#2" [stack: 0x000000fd56400000,0x000000fd56500000] [id=52044]
  0x000002ea44b2f800 GCTaskThread "GC Thread#3" [stack: 0x000000fd56500000,0x000000fd56600000] [id=54068]
  0x000002ea4514b000 GCTaskThread "GC Thread#4" [stack: 0x000000fd56600000,0x000000fd56700000] [id=54064]
  0x000002ea4514c000 GCTaskThread "GC Thread#5" [stack: 0x000000fd56700000,0x000000fd56800000] [id=54088]
  0x000002ea469f4000 GCTaskThread "GC Thread#6" [stack: 0x000000fd57400000,0x000000fd57500000] [id=54696]
  0x000002ea4708e000 GCTaskThread "GC Thread#7" [stack: 0x000000fd57500000,0x000000fd57600000] [id=36464]
  0x000002ea25c99000 ConcurrentGCThread "G1 Main Marker" [stack: 0x000000fd55400000,0x000000fd55500000] [id=53680]
  0x000002ea25c9b800 ConcurrentGCThread "G1 Conc#0" [stack: 0x000000fd55500000,0x000000fd55600000] [id=11380]
  0x000002ea44b09800 ConcurrentGCThread "G1 Conc#1" [stack: 0x000000fd57600000,0x000000fd57700000] [id=55276]
  0x000002ea43b48800 ConcurrentGCThread "G1 Refine#0" [stack: 0x000000fd55600000,0x000000fd55700000] [id=26300]
  0x000002ea4768b800 ConcurrentGCThread "G1 Refine#1" [stack: 0x000000fd5a200000,0x000000fd5a300000] [id=56784]
  0x000002ea43b49800 ConcurrentGCThread "G1 Young RemSet Sampling" [stack: 0x000000fd55700000,0x000000fd55800000] [id=43716]

Threads with active compile tasks:
C2 CompilerThread0   215447 6551       4       java.util.AbstractCollection::addAll (42 bytes)

VM state:synchronizing (normal execution)

VM Mutex/Monitor currently owned by a thread:  ([mutex/lock_event])
[0x000002ea25c4d770] Threads_lock - owner thread: 0x000002ea43cbe800

Heap address: 0x0000000080000000, size: 2048 MB, Compressed Oops mode: 32-bit
Narrow klass base: 0x0000000000000000, Narrow klass shift: 3
Compressed class space size: 528482304 Address: 0x0000000100000000

Heap:
 garbage-first heap   total 258048K, used 152858K [0x0000000080000000, 0x0000000100000000)
  region size 1024K, 115 young (117760K), 9 survivors (9216K)
 Metaspace       used 65751K, capacity 67662K, committed 67920K, reserved 575488K
  class space    used 8662K, capacity 9446K, committed 9472K, reserved 516096K
Heap Regions: E=young(eden), S=young(survivor), O=old, HS=humongous(starts), HC=humongous(continues), CS=collection set, F=free, A=archive, TAMS=top-at-mark-start (previous, next)
|   0|0x0000000080000000, 0x0000000080100000, 0x0000000080100000|100%|HS|  |TAMS 0x0000000080100000, 0x0000000080000000| Complete 
|   1|0x0000000080100000, 0x0000000080200000, 0x0000000080200000|100%|HC|  |TAMS 0x0000000080200000, 0x0000000080100000| Complete 
|   2|0x0000000080200000, 0x0000000080300000, 0x0000000080300000|100%|HC|  |TAMS 0x0000000080300000, 0x0000000080200000| Complete 
|   3|0x0000000080300000, 0x0000000080400000, 0x0000000080400000|100%|HC|  |TAMS 0x0000000080400000, 0x0000000080300000| Complete 
|   4|0x0000000080400000, 0x0000000080500000, 0x0000000080500000|100%| O|  |TAMS 0x0000000080500000, 0x0000000080400000| Untracked 
|   5|0x0000000080500000, 0x0000000080600000, 0x0000000080600000|100%| O|  |TAMS 0x0000000080600000, 0x0000000080500000| Untracked 
|   6|0x0000000080600000, 0x0000000080700000, 0x0000000080700000|100%| O|  |TAMS 0x0000000080700000, 0x0000000080600000| Untracked 
|   7|0x0000000080700000, 0x0000000080800000, 0x0000000080800000|100%| O|  |TAMS 0x0000000080800000, 0x0000000080700000| Untracked 
|   8|0x0000000080800000, 0x0000000080900000, 0x0000000080900000|100%| O|  |TAMS 0x0000000080900000, 0x0000000080800000| Untracked 
|   9|0x0000000080900000, 0x0000000080a00000, 0x0000000080a00000|100%| O|  |TAMS 0x0000000080a00000, 0x0000000080900000| Untracked 
|  10|0x0000000080a00000, 0x0000000080b00000, 0x0000000080b00000|100%| O|  |TAMS 0x0000000080b00000, 0x0000000080a00000| Untracked 
|  11|0x0000000080b00000, 0x0000000080c00000, 0x0000000080c00000|100%| O|  |TAMS 0x0000000080c00000, 0x0000000080b00000| Untracked 
|  12|0x0000000080c00000, 0x0000000080d00000, 0x0000000080d00000|100%| O|  |TAMS 0x0000000080d00000, 0x0000000080c00000| Untracked 
|  13|0x0000000080d00000, 0x0000000080e00000, 0x0000000080e00000|100%| O|  |TAMS 0x0000000080e00000, 0x0000000080d00000| Untracked 
|  14|0x0000000080e00000, 0x0000000080f00000, 0x0000000080f00000|100%| O|  |TAMS 0x0000000080f00000, 0x0000000080e00000| Untracked 
|  15|0x0000000080f00000, 0x0000000081000000, 0x0000000081000000|100%| O|  |TAMS 0x0000000081000000, 0x0000000080f00000| Untracked 
|  16|0x0000000081000000, 0x0000000081100000, 0x0000000081100000|100%| O|  |TAMS 0x0000000081100000, 0x0000000081000000| Untracked 
|  17|0x0000000081100000, 0x0000000081200000, 0x0000000081200000|100%| O|  |TAMS 0x0000000081200000, 0x0000000081100000| Untracked 
|  18|0x0000000081200000, 0x0000000081300000, 0x0000000081300000|100%| O|  |TAMS 0x0000000081300000, 0x0000000081200000| Untracked 
|  19|0x0000000081300000, 0x0000000081400000, 0x0000000081400000|100%| O|  |TAMS 0x0000000081400000, 0x0000000081300000| Untracked 
|  20|0x0000000081400000, 0x0000000081500000, 0x0000000081500000|100%| O|  |TAMS 0x0000000081500000, 0x0000000081400000| Untracked 
|  21|0x0000000081500000, 0x0000000081600000, 0x0000000081600000|100%| O|  |TAMS 0x0000000081600000, 0x0000000081500000| Untracked 
|  22|0x0000000081600000, 0x0000000081700000, 0x0000000081700000|100%| O|  |TAMS 0x0000000081700000, 0x0000000081600000| Untracked 
|  23|0x0000000081700000, 0x0000000081800000, 0x0000000081800000|100%| O|  |TAMS 0x0000000081800000, 0x0000000081700000| Untracked 
|  24|0x0000000081800000, 0x0000000081900000, 0x0000000081900000|100%|HS|  |TAMS 0x0000000081900000, 0x0000000081800000| Complete 
|  25|0x0000000081900000, 0x0000000081a00000, 0x0000000081a00000|100%|HC|  |TAMS 0x0000000081a00000, 0x0000000081900000| Complete 
|  26|0x0000000081a00000, 0x0000000081b00000, 0x0000000081b00000|100%|HS|  |TAMS 0x0000000081b00000, 0x0000000081a00000| Complete 
|  27|0x0000000081b00000, 0x0000000081c00000, 0x0000000081c00000|100%|HC|  |TAMS 0x0000000081c00000, 0x0000000081b00000| Complete 
|  28|0x0000000081c00000, 0x0000000081d00000, 0x0000000081d00000|100%|HC|  |TAMS 0x0000000081d00000, 0x0000000081c00000| Complete 
|  29|0x0000000081d00000, 0x0000000081e00000, 0x0000000081e00000|100%|HC|  |TAMS 0x0000000081e00000, 0x0000000081d00000| Complete 
|  30|0x0000000081e00000, 0x0000000081f00000, 0x0000000081f00000|100%| O|  |TAMS 0x0000000081f00000, 0x0000000081e00000| Untracked 
|  31|0x0000000081f00000, 0x0000000082000000, 0x0000000082000000|100%| O|  |TAMS 0x0000000082000000, 0x0000000081f00000| Untracked 
|  32|0x0000000082000000, 0x0000000082100000, 0x0000000082100000|100%| O|  |TAMS 0x0000000082100000, 0x0000000082000000| Untracked 
|  33|0x0000000082100000, 0x0000000082200000, 0x0000000082200000|100%| O|  |TAMS 0x0000000082200000, 0x0000000082100000| Untracked 
|  34|0x0000000082200000, 0x0000000082300000, 0x0000000082300000|100%| O|  |TAMS 0x0000000082300000, 0x0000000082200000| Untracked 
|  35|0x0000000082300000, 0x0000000082346800, 0x0000000082400000| 27%| O|  |TAMS 0x0000000082346800, 0x0000000082300000| Untracked 
|  36|0x0000000082400000, 0x0000000082400000, 0x0000000082500000|  0%| F|  |TAMS 0x0000000082400000, 0x0000000082400000| Untracked 
|  37|0x0000000082500000, 0x0000000082500000, 0x0000000082600000|  0%| F|  |TAMS 0x0000000082500000, 0x0000000082500000| Untracked 
|  38|0x0000000082600000, 0x0000000082600000, 0x0000000082700000|  0%| F|  |TAMS 0x0000000082600000, 0x0000000082600000| Untracked 
|  39|0x0000000082700000, 0x0000000082700000, 0x0000000082800000|  0%| F|  |TAMS 0x0000000082700000, 0x0000000082700000| Untracked 
|  40|0x0000000082800000, 0x0000000082800000, 0x0000000082900000|  0%| F|  |TAMS 0x0000000082800000, 0x0000000082800000| Untracked 
|  41|0x0000000082900000, 0x0000000082900000, 0x0000000082a00000|  0%| F|  |TAMS 0x0000000082900000, 0x0000000082900000| Untracked 
|  42|0x0000000082a00000, 0x0000000082a00000, 0x0000000082b00000|  0%| F|  |TAMS 0x0000000082a00000, 0x0000000082a00000| Untracked 
|  43|0x0000000082b00000, 0x0000000082b00000, 0x0000000082c00000|  0%| F|  |TAMS 0x0000000082b00000, 0x0000000082b00000| Untracked 
|  44|0x0000000082c00000, 0x0000000082c00000, 0x0000000082d00000|  0%| F|  |TAMS 0x0000000082c00000, 0x0000000082c00000| Untracked 
|  45|0x0000000082d00000, 0x0000000082d00000, 0x0000000082e00000|  0%| F|  |TAMS 0x0000000082d00000, 0x0000000082d00000| Untracked 
|  46|0x0000000082e00000, 0x0000000082e00000, 0x0000000082f00000|  0%| F|  |TAMS 0x0000000082e00000, 0x0000000082e00000| Untracked 
|  47|0x0000000082f00000, 0x0000000082f00000, 0x0000000083000000|  0%| F|  |TAMS 0x0000000082f00000, 0x0000000082f00000| Untracked 
|  48|0x0000000083000000, 0x0000000083000000, 0x0000000083100000|  0%| F|  |TAMS 0x0000000083000000, 0x0000000083000000| Untracked 
|  49|0x0000000083100000, 0x0000000083100000, 0x0000000083200000|  0%| F|  |TAMS 0x0000000083100000, 0x0000000083100000| Untracked 
|  50|0x0000000083200000, 0x0000000083200000, 0x0000000083300000|  0%| F|  |TAMS 0x0000000083200000, 0x0000000083200000| Untracked 
|  51|0x0000000083300000, 0x0000000083300000, 0x0000000083400000|  0%| F|  |TAMS 0x0000000083300000, 0x0000000083300000| Untracked 
|  52|0x0000000083400000, 0x0000000083400000, 0x0000000083500000|  0%| F|  |TAMS 0x0000000083400000, 0x0000000083400000| Untracked 
|  53|0x0000000083500000, 0x0000000083500000, 0x0000000083600000|  0%| F|  |TAMS 0x0000000083500000, 0x0000000083500000| Untracked 
|  54|0x0000000083600000, 0x0000000083600000, 0x0000000083700000|  0%| F|  |TAMS 0x0000000083600000, 0x0000000083600000| Untracked 
|  55|0x0000000083700000, 0x0000000083700000, 0x0000000083800000|  0%| F|  |TAMS 0x0000000083700000, 0x0000000083700000| Untracked 
|  56|0x0000000083800000, 0x0000000083800000, 0x0000000083900000|  0%| F|  |TAMS 0x0000000083800000, 0x0000000083800000| Untracked 
|  57|0x0000000083900000, 0x0000000083900000, 0x0000000083a00000|  0%| F|  |TAMS 0x0000000083900000, 0x0000000083900000| Untracked 
|  58|0x0000000083a00000, 0x0000000083a00000, 0x0000000083b00000|  0%| F|  |TAMS 0x0000000083a00000, 0x0000000083a00000| Untracked 
|  59|0x0000000083b00000, 0x0000000083b00000, 0x0000000083c00000|  0%| F|  |TAMS 0x0000000083b00000, 0x0000000083b00000| Untracked 
|  60|0x0000000083c00000, 0x0000000083c00000, 0x0000000083d00000|  0%| F|  |TAMS 0x0000000083c00000, 0x0000000083c00000| Untracked 
|  61|0x0000000083d00000, 0x0000000083d00000, 0x0000000083e00000|  0%| F|  |TAMS 0x0000000083d00000, 0x0000000083d00000| Untracked 
|  62|0x0000000083e00000, 0x0000000083e00000, 0x0000000083f00000|  0%| F|  |TAMS 0x0000000083e00000, 0x0000000083e00000| Untracked 
|  63|0x0000000083f00000, 0x0000000083f00000, 0x0000000084000000|  0%| F|  |TAMS 0x0000000083f00000, 0x0000000083f00000| Untracked 
|  64|0x0000000084000000, 0x0000000084000000, 0x0000000084100000|  0%| F|  |TAMS 0x0000000084000000, 0x0000000084000000| Untracked 
|  65|0x0000000084100000, 0x0000000084100000, 0x0000000084200000|  0%| F|  |TAMS 0x0000000084100000, 0x0000000084100000| Untracked 
|  66|0x0000000084200000, 0x0000000084200000, 0x0000000084300000|  0%| F|  |TAMS 0x0000000084200000, 0x0000000084200000| Untracked 
|  67|0x0000000084300000, 0x0000000084300000, 0x0000000084400000|  0%| F|  |TAMS 0x0000000084300000, 0x0000000084300000| Untracked 
|  68|0x0000000084400000, 0x0000000084400000, 0x0000000084500000|  0%| F|  |TAMS 0x0000000084400000, 0x0000000084400000| Untracked 
|  69|0x0000000084500000, 0x0000000084500000, 0x0000000084600000|  0%| F|  |TAMS 0x0000000084500000, 0x0000000084500000| Untracked 
|  70|0x0000000084600000, 0x0000000084600000, 0x0000000084700000|  0%| F|  |TAMS 0x0000000084600000, 0x0000000084600000| Untracked 
|  71|0x0000000084700000, 0x0000000084700000, 0x0000000084800000|  0%| F|  |TAMS 0x0000000084700000, 0x0000000084700000| Untracked 
|  72|0x0000000084800000, 0x0000000084800000, 0x0000000084900000|  0%| F|  |TAMS 0x0000000084800000, 0x0000000084800000| Untracked 
|  73|0x0000000084900000, 0x0000000084900000, 0x0000000084a00000|  0%| F|  |TAMS 0x0000000084900000, 0x0000000084900000| Untracked 
|  74|0x0000000084a00000, 0x0000000084a00000, 0x0000000084b00000|  0%| F|  |TAMS 0x0000000084a00000, 0x0000000084a00000| Untracked 
|  75|0x0000000084b00000, 0x0000000084b00000, 0x0000000084c00000|  0%| F|  |TAMS 0x0000000084b00000, 0x0000000084b00000| Untracked 
|  76|0x0000000084c00000, 0x0000000084c00000, 0x0000000084d00000|  0%| F|  |TAMS 0x0000000084c00000, 0x0000000084c00000| Untracked 
|  77|0x0000000084d00000, 0x0000000084d00000, 0x0000000084e00000|  0%| F|  |TAMS 0x0000000084d00000, 0x0000000084d00000| Untracked 
|  78|0x0000000084e00000, 0x0000000084e00000, 0x0000000084f00000|  0%| F|  |TAMS 0x0000000084e00000, 0x0000000084e00000| Untracked 
|  79|0x0000000084f00000, 0x0000000084f00000, 0x0000000085000000|  0%| F|  |TAMS 0x0000000084f00000, 0x0000000084f00000| Untracked 
|  80|0x0000000085000000, 0x0000000085000000, 0x0000000085100000|  0%| F|  |TAMS 0x0000000085000000, 0x0000000085000000| Untracked 
|  81|0x0000000085100000, 0x0000000085100000, 0x0000000085200000|  0%| F|  |TAMS 0x0000000085100000, 0x0000000085100000| Untracked 
|  82|0x0000000085200000, 0x0000000085200000, 0x0000000085300000|  0%| F|  |TAMS 0x0000000085200000, 0x0000000085200000| Untracked 
|  83|0x0000000085300000, 0x0000000085300000, 0x0000000085400000|  0%| F|  |TAMS 0x0000000085300000, 0x0000000085300000| Untracked 
|  84|0x0000000085400000, 0x0000000085400000, 0x0000000085500000|  0%| F|  |TAMS 0x0000000085400000, 0x0000000085400000| Untracked 
|  85|0x0000000085500000, 0x0000000085500000, 0x0000000085600000|  0%| F|  |TAMS 0x0000000085500000, 0x0000000085500000| Untracked 
|  86|0x0000000085600000, 0x0000000085600000, 0x0000000085700000|  0%| F|  |TAMS 0x0000000085600000, 0x0000000085600000| Untracked 
|  87|0x0000000085700000, 0x0000000085700000, 0x0000000085800000|  0%| F|  |TAMS 0x0000000085700000, 0x0000000085700000| Untracked 
|  88|0x0000000085800000, 0x0000000085800000, 0x0000000085900000|  0%| F|  |TAMS 0x0000000085800000, 0x0000000085800000| Untracked 
|  89|0x0000000085900000, 0x0000000085900000, 0x0000000085a00000|  0%| F|  |TAMS 0x0000000085900000, 0x0000000085900000| Untracked 
|  90|0x0000000085a00000, 0x0000000085a00000, 0x0000000085b00000|  0%| F|  |TAMS 0x0000000085a00000, 0x0000000085a00000| Untracked 
|  91|0x0000000085b00000, 0x0000000085b00000, 0x0000000085c00000|  0%| F|  |TAMS 0x0000000085b00000, 0x0000000085b00000| Untracked 
|  92|0x0000000085c00000, 0x0000000085c00000, 0x0000000085d00000|  0%| F|  |TAMS 0x0000000085c00000, 0x0000000085c00000| Untracked 
|  93|0x0000000085d00000, 0x0000000085d00000, 0x0000000085e00000|  0%| F|  |TAMS 0x0000000085d00000, 0x0000000085d00000| Untracked 
|  94|0x0000000085e00000, 0x0000000085e00000, 0x0000000085f00000|  0%| F|  |TAMS 0x0000000085e00000, 0x0000000085e00000| Untracked 
|  95|0x0000000085f00000, 0x0000000085f00000, 0x0000000086000000|  0%| F|  |TAMS 0x0000000085f00000, 0x0000000085f00000| Untracked 
|  96|0x0000000086000000, 0x0000000086000000, 0x0000000086100000|  0%| F|  |TAMS 0x0000000086000000, 0x0000000086000000| Untracked 
|  97|0x0000000086100000, 0x0000000086100000, 0x0000000086200000|  0%| F|  |TAMS 0x0000000086100000, 0x0000000086100000| Untracked 
|  98|0x0000000086200000, 0x0000000086200000, 0x0000000086300000|  0%| F|  |TAMS 0x0000000086200000, 0x0000000086200000| Untracked 
|  99|0x0000000086300000, 0x0000000086300000, 0x0000000086400000|  0%| F|  |TAMS 0x0000000086300000, 0x0000000086300000| Untracked 
| 100|0x0000000086400000, 0x0000000086400000, 0x0000000086500000|  0%| F|  |TAMS 0x0000000086400000, 0x0000000086400000| Untracked 
| 101|0x0000000086500000, 0x0000000086500000, 0x0000000086600000|  0%| F|  |TAMS 0x0000000086500000, 0x0000000086500000| Untracked 
| 102|0x0000000086600000, 0x0000000086600000, 0x0000000086700000|  0%| F|  |TAMS 0x0000000086600000, 0x0000000086600000| Untracked 
| 103|0x0000000086700000, 0x0000000086700000, 0x0000000086800000|  0%| F|  |TAMS 0x0000000086700000, 0x0000000086700000| Untracked 
| 104|0x0000000086800000, 0x0000000086800000, 0x0000000086900000|  0%| F|  |TAMS 0x0000000086800000, 0x0000000086800000| Untracked 
| 105|0x0000000086900000, 0x0000000086900000, 0x0000000086a00000|  0%| F|  |TAMS 0x0000000086900000, 0x0000000086900000| Untracked 
| 106|0x0000000086a00000, 0x0000000086a00000, 0x0000000086b00000|  0%| F|  |TAMS 0x0000000086a00000, 0x0000000086a00000| Untracked 
| 107|0x0000000086b00000, 0x0000000086b00000, 0x0000000086c00000|  0%| F|  |TAMS 0x0000000086b00000, 0x0000000086b00000| Untracked 
| 108|0x0000000086c00000, 0x0000000086c00000, 0x0000000086d00000|  0%| F|  |TAMS 0x0000000086c00000, 0x0000000086c00000| Untracked 
| 109|0x0000000086d00000, 0x0000000086d00000, 0x0000000086e00000|  0%| F|  |TAMS 0x0000000086d00000, 0x0000000086d00000| Untracked 
| 110|0x0000000086e00000, 0x0000000086e00000, 0x0000000086f00000|  0%| F|  |TAMS 0x0000000086e00000, 0x0000000086e00000| Untracked 
| 111|0x0000000086f00000, 0x0000000086f00000, 0x0000000087000000|  0%| F|  |TAMS 0x0000000086f00000, 0x0000000086f00000| Untracked 
| 112|0x0000000087000000, 0x0000000087000000, 0x0000000087100000|  0%| F|  |TAMS 0x0000000087000000, 0x0000000087000000| Untracked 
| 113|0x0000000087100000, 0x0000000087100000, 0x0000000087200000|  0%| F|  |TAMS 0x0000000087100000, 0x0000000087100000| Untracked 
| 114|0x0000000087200000, 0x0000000087200000, 0x0000000087300000|  0%| F|  |TAMS 0x0000000087200000, 0x0000000087200000| Untracked 
| 115|0x0000000087300000, 0x0000000087300000, 0x0000000087400000|  0%| F|  |TAMS 0x0000000087300000, 0x0000000087300000| Untracked 
| 116|0x0000000087400000, 0x0000000087400000, 0x0000000087500000|  0%| F|  |TAMS 0x0000000087400000, 0x0000000087400000| Untracked 
| 117|0x0000000087500000, 0x0000000087500000, 0x0000000087600000|  0%| F|  |TAMS 0x0000000087500000, 0x0000000087500000| Untracked 
| 118|0x0000000087600000, 0x0000000087600000, 0x0000000087700000|  0%| F|  |TAMS 0x0000000087600000, 0x0000000087600000| Untracked 
| 119|0x0000000087700000, 0x0000000087700000, 0x0000000087800000|  0%| F|  |TAMS 0x0000000087700000, 0x0000000087700000| Untracked 
| 120|0x0000000087800000, 0x0000000087800000, 0x0000000087900000|  0%| F|  |TAMS 0x0000000087800000, 0x0000000087800000| Untracked 
| 121|0x0000000087900000, 0x0000000087900000, 0x0000000087a00000|  0%| F|  |TAMS 0x0000000087900000, 0x0000000087900000| Untracked 
| 122|0x0000000087a00000, 0x0000000087a00000, 0x0000000087b00000|  0%| F|  |TAMS 0x0000000087a00000, 0x0000000087a00000| Untracked 
| 123|0x0000000087b00000, 0x0000000087b00000, 0x0000000087c00000|  0%| F|  |TAMS 0x0000000087b00000, 0x0000000087b00000| Untracked 
| 124|0x0000000087c00000, 0x0000000087c00000, 0x0000000087d00000|  0%| F|  |TAMS 0x0000000087c00000, 0x0000000087c00000| Untracked 
| 125|0x0000000087d00000, 0x0000000087d00000, 0x0000000087e00000|  0%| F|  |TAMS 0x0000000087d00000, 0x0000000087d00000| Untracked 
| 126|0x0000000087e00000, 0x0000000087e00000, 0x0000000087f00000|  0%| F|  |TAMS 0x0000000087e00000, 0x0000000087e00000| Untracked 
| 127|0x0000000087f00000, 0x0000000087f00000, 0x0000000088000000|  0%| F|  |TAMS 0x0000000087f00000, 0x0000000087f00000| Untracked 
| 128|0x0000000088000000, 0x0000000088000000, 0x0000000088100000|  0%| F|  |TAMS 0x0000000088000000, 0x0000000088000000| Untracked 
| 129|0x0000000088100000, 0x0000000088100000, 0x0000000088200000|  0%| F|  |TAMS 0x0000000088100000, 0x0000000088100000| Untracked 
| 130|0x0000000088200000, 0x0000000088200000, 0x0000000088300000|  0%| F|  |TAMS 0x0000000088200000, 0x0000000088200000| Untracked 
| 131|0x0000000088300000, 0x0000000088300000, 0x0000000088400000|  0%| F|  |TAMS 0x0000000088300000, 0x0000000088300000| Untracked 
| 132|0x0000000088400000, 0x0000000088400000, 0x0000000088500000|  0%| F|  |TAMS 0x0000000088400000, 0x0000000088400000| Untracked 
| 133|0x0000000088500000, 0x0000000088500000, 0x0000000088600000|  0%| F|  |TAMS 0x0000000088500000, 0x0000000088500000| Untracked 
| 134|0x0000000088600000, 0x0000000088600000, 0x0000000088700000|  0%| F|  |TAMS 0x0000000088600000, 0x0000000088600000| Untracked 
| 135|0x0000000088700000, 0x0000000088700000, 0x0000000088800000|  0%| F|  |TAMS 0x0000000088700000, 0x0000000088700000| Untracked 
| 136|0x0000000088800000, 0x0000000088800000, 0x0000000088900000|  0%| F|  |TAMS 0x0000000088800000, 0x0000000088800000| Untracked 
| 137|0x0000000088900000, 0x0000000088980800, 0x0000000088a00000| 50%| E|  |TAMS 0x0000000088900000, 0x0000000088900000| Complete 
| 138|0x0000000088a00000, 0x0000000088b00000, 0x0000000088b00000|100%| E|CS|TAMS 0x0000000088a00000, 0x0000000088a00000| Complete 
| 139|0x0000000088b00000, 0x0000000088c00000, 0x0000000088c00000|100%| E|CS|TAMS 0x0000000088b00000, 0x0000000088b00000| Complete 
| 140|0x0000000088c00000, 0x0000000088d00000, 0x0000000088d00000|100%| E|CS|TAMS 0x0000000088c00000, 0x0000000088c00000| Complete 
| 141|0x0000000088d00000, 0x0000000088e00000, 0x0000000088e00000|100%| E|CS|TAMS 0x0000000088d00000, 0x0000000088d00000| Complete 
| 142|0x0000000088e00000, 0x0000000088f00000, 0x0000000088f00000|100%| E|CS|TAMS 0x0000000088e00000, 0x0000000088e00000| Complete 
| 143|0x0000000088f00000, 0x0000000089000000, 0x0000000089000000|100%| E|CS|TAMS 0x0000000088f00000, 0x0000000088f00000| Complete 
| 144|0x0000000089000000, 0x0000000089100000, 0x0000000089100000|100%| E|CS|TAMS 0x0000000089000000, 0x0000000089000000| Complete 
| 145|0x0000000089100000, 0x0000000089200000, 0x0000000089200000|100%| E|CS|TAMS 0x0000000089100000, 0x0000000089100000| Complete 
| 146|0x0000000089200000, 0x0000000089300000, 0x0000000089300000|100%| E|CS|TAMS 0x0000000089200000, 0x0000000089200000| Complete 
| 147|0x0000000089300000, 0x0000000089400000, 0x0000000089400000|100%| E|CS|TAMS 0x0000000089300000, 0x0000000089300000| Complete 
| 148|0x0000000089400000, 0x0000000089500000, 0x0000000089500000|100%| E|CS|TAMS 0x0000000089400000, 0x0000000089400000| Complete 
| 149|0x0000000089500000, 0x0000000089600000, 0x0000000089600000|100%| E|CS|TAMS 0x0000000089500000, 0x0000000089500000| Complete 
| 150|0x0000000089600000, 0x0000000089700000, 0x0000000089700000|100%| E|CS|TAMS 0x0000000089600000, 0x0000000089600000| Complete 
| 151|0x0000000089700000, 0x0000000089800000, 0x0000000089800000|100%| E|CS|TAMS 0x0000000089700000, 0x0000000089700000| Complete 
| 152|0x0000000089800000, 0x0000000089900000, 0x0000000089900000|100%| E|CS|TAMS 0x0000000089800000, 0x0000000089800000| Complete 
| 153|0x0000000089900000, 0x0000000089a00000, 0x0000000089a00000|100%| E|CS|TAMS 0x0000000089900000, 0x0000000089900000| Complete 
| 154|0x0000000089a00000, 0x0000000089b00000, 0x0000000089b00000|100%| E|CS|TAMS 0x0000000089a00000, 0x0000000089a00000| Complete 
| 155|0x0000000089b00000, 0x0000000089c00000, 0x0000000089c00000|100%| E|CS|TAMS 0x0000000089b00000, 0x0000000089b00000| Complete 
| 156|0x0000000089c00000, 0x0000000089d00000, 0x0000000089d00000|100%| E|CS|TAMS 0x0000000089c00000, 0x0000000089c00000| Complete 
| 157|0x0000000089d00000, 0x0000000089e00000, 0x0000000089e00000|100%| E|CS|TAMS 0x0000000089d00000, 0x0000000089d00000| Complete 
| 158|0x0000000089e00000, 0x0000000089f00000, 0x0000000089f00000|100%| E|CS|TAMS 0x0000000089e00000, 0x0000000089e00000| Complete 
| 159|0x0000000089f00000, 0x000000008a000000, 0x000000008a000000|100%| E|CS|TAMS 0x0000000089f00000, 0x0000000089f00000| Complete 
| 160|0x000000008a000000, 0x000000008a100000, 0x000000008a100000|100%| E|CS|TAMS 0x000000008a000000, 0x000000008a000000| Complete 
| 161|0x000000008a100000, 0x000000008a200000, 0x000000008a200000|100%| E|CS|TAMS 0x000000008a100000, 0x000000008a100000| Complete 
| 162|0x000000008a200000, 0x000000008a300000, 0x000000008a300000|100%| E|CS|TAMS 0x000000008a200000, 0x000000008a200000| Complete 
| 163|0x000000008a300000, 0x000000008a400000, 0x000000008a400000|100%| E|CS|TAMS 0x000000008a300000, 0x000000008a300000| Complete 
| 164|0x000000008a400000, 0x000000008a500000, 0x000000008a500000|100%| S|CS|TAMS 0x000000008a400000, 0x000000008a400000| Complete 
| 165|0x000000008a500000, 0x000000008a600000, 0x000000008a600000|100%| S|CS|TAMS 0x000000008a500000, 0x000000008a500000| Complete 
| 166|0x000000008a600000, 0x000000008a700000, 0x000000008a700000|100%| S|CS|TAMS 0x000000008a600000, 0x000000008a600000| Complete 
| 167|0x000000008a700000, 0x000000008a800000, 0x000000008a800000|100%| S|CS|TAMS 0x000000008a700000, 0x000000008a700000| Complete 
| 168|0x000000008a800000, 0x000000008a900000, 0x000000008a900000|100%| S|CS|TAMS 0x000000008a800000, 0x000000008a800000| Complete 
| 169|0x000000008a900000, 0x000000008aa00000, 0x000000008aa00000|100%| S|CS|TAMS 0x000000008a900000, 0x000000008a900000| Complete 
| 170|0x000000008aa00000, 0x000000008ab00000, 0x000000008ab00000|100%| S|CS|TAMS 0x000000008aa00000, 0x000000008aa00000| Complete 
| 171|0x000000008ab00000, 0x000000008ac00000, 0x000000008ac00000|100%| S|CS|TAMS 0x000000008ab00000, 0x000000008ab00000| Complete 
| 172|0x000000008ac00000, 0x000000008ad00000, 0x000000008ad00000|100%| S|CS|TAMS 0x000000008ac00000, 0x000000008ac00000| Complete 
| 173|0x000000008ad00000, 0x000000008ae00000, 0x000000008ae00000|100%| E|CS|TAMS 0x000000008ad00000, 0x000000008ad00000| Complete 
| 174|0x000000008ae00000, 0x000000008af00000, 0x000000008af00000|100%| E|CS|TAMS 0x000000008ae00000, 0x000000008ae00000| Complete 
| 175|0x000000008af00000, 0x000000008b000000, 0x000000008b000000|100%| E|CS|TAMS 0x000000008af00000, 0x000000008af00000| Complete 
| 176|0x000000008b000000, 0x000000008b100000, 0x000000008b100000|100%| E|CS|TAMS 0x000000008b000000, 0x000000008b000000| Complete 
| 177|0x000000008b100000, 0x000000008b200000, 0x000000008b200000|100%| E|CS|TAMS 0x000000008b100000, 0x000000008b100000| Complete 
| 178|0x000000008b200000, 0x000000008b300000, 0x000000008b300000|100%| E|CS|TAMS 0x000000008b200000, 0x000000008b200000| Complete 
| 179|0x000000008b300000, 0x000000008b400000, 0x000000008b400000|100%| E|CS|TAMS 0x000000008b300000, 0x000000008b300000| Complete 
| 180|0x000000008b400000, 0x000000008b500000, 0x000000008b500000|100%| E|CS|TAMS 0x000000008b400000, 0x000000008b400000| Complete 
| 181|0x000000008b500000, 0x000000008b600000, 0x000000008b600000|100%| E|CS|TAMS 0x000000008b500000, 0x000000008b500000| Complete 
| 182|0x000000008b600000, 0x000000008b700000, 0x000000008b700000|100%| E|CS|TAMS 0x000000008b600000, 0x000000008b600000| Complete 
| 183|0x000000008b700000, 0x000000008b800000, 0x000000008b800000|100%| E|CS|TAMS 0x000000008b700000, 0x000000008b700000| Complete 
| 184|0x000000008b800000, 0x000000008b900000, 0x000000008b900000|100%| E|CS|TAMS 0x000000008b800000, 0x000000008b800000| Complete 
| 185|0x000000008b900000, 0x000000008ba00000, 0x000000008ba00000|100%| E|CS|TAMS 0x000000008b900000, 0x000000008b900000| Complete 
| 186|0x000000008ba00000, 0x000000008bb00000, 0x000000008bb00000|100%| E|CS|TAMS 0x000000008ba00000, 0x000000008ba00000| Complete 
| 187|0x000000008bb00000, 0x000000008bc00000, 0x000000008bc00000|100%| E|CS|TAMS 0x000000008bb00000, 0x000000008bb00000| Complete 
| 188|0x000000008bc00000, 0x000000008bd00000, 0x000000008bd00000|100%| E|CS|TAMS 0x000000008bc00000, 0x000000008bc00000| Complete 
| 189|0x000000008bd00000, 0x000000008be00000, 0x000000008be00000|100%| E|CS|TAMS 0x000000008bd00000, 0x000000008bd00000| Complete 
| 190|0x000000008be00000, 0x000000008bf00000, 0x000000008bf00000|100%| E|CS|TAMS 0x000000008be00000, 0x000000008be00000| Complete 
| 191|0x000000008bf00000, 0x000000008c000000, 0x000000008c000000|100%| E|CS|TAMS 0x000000008bf00000, 0x000000008bf00000| Complete 
| 192|0x000000008c000000, 0x000000008c100000, 0x000000008c100000|100%| E|CS|TAMS 0x000000008c000000, 0x000000008c000000| Complete 
| 193|0x000000008c100000, 0x000000008c200000, 0x000000008c200000|100%| E|CS|TAMS 0x000000008c100000, 0x000000008c100000| Complete 
| 194|0x000000008c200000, 0x000000008c300000, 0x000000008c300000|100%| E|CS|TAMS 0x000000008c200000, 0x000000008c200000| Complete 
| 195|0x000000008c300000, 0x000000008c400000, 0x000000008c400000|100%| E|CS|TAMS 0x000000008c300000, 0x000000008c300000| Complete 
| 196|0x000000008c400000, 0x000000008c500000, 0x000000008c500000|100%| E|CS|TAMS 0x000000008c400000, 0x000000008c400000| Complete 
| 197|0x000000008c500000, 0x000000008c600000, 0x000000008c600000|100%| E|CS|TAMS 0x000000008c500000, 0x000000008c500000| Complete 
| 198|0x000000008c600000, 0x000000008c700000, 0x000000008c700000|100%| E|CS|TAMS 0x000000008c600000, 0x000000008c600000| Complete 
| 199|0x000000008c700000, 0x000000008c800000, 0x000000008c800000|100%| E|CS|TAMS 0x000000008c700000, 0x000000008c700000| Complete 
| 200|0x000000008c800000, 0x000000008c900000, 0x000000008c900000|100%| E|CS|TAMS 0x000000008c800000, 0x000000008c800000| Complete 
| 201|0x000000008c900000, 0x000000008ca00000, 0x000000008ca00000|100%| E|CS|TAMS 0x000000008c900000, 0x000000008c900000| Complete 
| 202|0x000000008ca00000, 0x000000008cb00000, 0x000000008cb00000|100%| E|CS|TAMS 0x000000008ca00000, 0x000000008ca00000| Complete 
| 203|0x000000008cb00000, 0x000000008cc00000, 0x000000008cc00000|100%| E|CS|TAMS 0x000000008cb00000, 0x000000008cb00000| Complete 
| 204|0x000000008cc00000, 0x000000008cd00000, 0x000000008cd00000|100%| E|CS|TAMS 0x000000008cc00000, 0x000000008cc00000| Complete 
| 205|0x000000008cd00000, 0x000000008ce00000, 0x000000008ce00000|100%| E|CS|TAMS 0x000000008cd00000, 0x000000008cd00000| Complete 
| 206|0x000000008ce00000, 0x000000008cf00000, 0x000000008cf00000|100%| E|CS|TAMS 0x000000008ce00000, 0x000000008ce00000| Complete 
| 207|0x000000008cf00000, 0x000000008d000000, 0x000000008d000000|100%| E|CS|TAMS 0x000000008cf00000, 0x000000008cf00000| Complete 
| 208|0x000000008d000000, 0x000000008d100000, 0x000000008d100000|100%| E|CS|TAMS 0x000000008d000000, 0x000000008d000000| Complete 
| 209|0x000000008d100000, 0x000000008d200000, 0x000000008d200000|100%| E|CS|TAMS 0x000000008d100000, 0x000000008d100000| Complete 
| 210|0x000000008d200000, 0x000000008d300000, 0x000000008d300000|100%| E|CS|TAMS 0x000000008d200000, 0x000000008d200000| Complete 
| 211|0x000000008d300000, 0x000000008d400000, 0x000000008d400000|100%| E|CS|TAMS 0x000000008d300000, 0x000000008d300000| Complete 
| 212|0x000000008d400000, 0x000000008d500000, 0x000000008d500000|100%| E|CS|TAMS 0x000000008d400000, 0x000000008d400000| Complete 
| 213|0x000000008d500000, 0x000000008d600000, 0x000000008d600000|100%| E|CS|TAMS 0x000000008d500000, 0x000000008d500000| Complete 
| 214|0x000000008d600000, 0x000000008d700000, 0x000000008d700000|100%| E|CS|TAMS 0x000000008d600000, 0x000000008d600000| Complete 
| 215|0x000000008d700000, 0x000000008d800000, 0x000000008d800000|100%| E|CS|TAMS 0x000000008d700000, 0x000000008d700000| Complete 
| 216|0x000000008d800000, 0x000000008d900000, 0x000000008d900000|100%| E|CS|TAMS 0x000000008d800000, 0x000000008d800000| Complete 
| 217|0x000000008d900000, 0x000000008da00000, 0x000000008da00000|100%| E|CS|TAMS 0x000000008d900000, 0x000000008d900000| Complete 
| 218|0x000000008da00000, 0x000000008db00000, 0x000000008db00000|100%| E|CS|TAMS 0x000000008da00000, 0x000000008da00000| Complete 
| 219|0x000000008db00000, 0x000000008dc00000, 0x000000008dc00000|100%| E|CS|TAMS 0x000000008db00000, 0x000000008db00000| Complete 
| 220|0x000000008dc00000, 0x000000008dd00000, 0x000000008dd00000|100%| E|CS|TAMS 0x000000008dc00000, 0x000000008dc00000| Complete 
| 221|0x000000008dd00000, 0x000000008de00000, 0x000000008de00000|100%| E|CS|TAMS 0x000000008dd00000, 0x000000008dd00000| Complete 
| 222|0x000000008de00000, 0x000000008df00000, 0x000000008df00000|100%| E|CS|TAMS 0x000000008de00000, 0x000000008de00000| Complete 
| 223|0x000000008df00000, 0x000000008e000000, 0x000000008e000000|100%| E|CS|TAMS 0x000000008df00000, 0x000000008df00000| Complete 
| 224|0x000000008e000000, 0x000000008e100000, 0x000000008e100000|100%| E|CS|TAMS 0x000000008e000000, 0x000000008e000000| Complete 
| 225|0x000000008e100000, 0x000000008e200000, 0x000000008e200000|100%| E|CS|TAMS 0x000000008e100000, 0x000000008e100000| Complete 
| 226|0x000000008e200000, 0x000000008e300000, 0x000000008e300000|100%| E|CS|TAMS 0x000000008e200000, 0x000000008e200000| Complete 
| 227|0x000000008e300000, 0x000000008e400000, 0x000000008e400000|100%| E|CS|TAMS 0x000000008e300000, 0x000000008e300000| Complete 
| 228|0x000000008e400000, 0x000000008e500000, 0x000000008e500000|100%| E|CS|TAMS 0x000000008e400000, 0x000000008e400000| Complete 
| 229|0x000000008e500000, 0x000000008e600000, 0x000000008e600000|100%| E|CS|TAMS 0x000000008e500000, 0x000000008e500000| Complete 
| 230|0x000000008e600000, 0x000000008e700000, 0x000000008e700000|100%| E|CS|TAMS 0x000000008e600000, 0x000000008e600000| Complete 
| 231|0x000000008e700000, 0x000000008e800000, 0x000000008e800000|100%| E|CS|TAMS 0x000000008e700000, 0x000000008e700000| Complete 
| 232|0x000000008e800000, 0x000000008e900000, 0x000000008e900000|100%| E|CS|TAMS 0x000000008e800000, 0x000000008e800000| Complete 
| 233|0x000000008e900000, 0x000000008ea00000, 0x000000008ea00000|100%| E|CS|TAMS 0x000000008e900000, 0x000000008e900000| Complete 
| 234|0x000000008ea00000, 0x000000008eb00000, 0x000000008eb00000|100%| E|CS|TAMS 0x000000008ea00000, 0x000000008ea00000| Complete 
| 235|0x000000008eb00000, 0x000000008ec00000, 0x000000008ec00000|100%| E|CS|TAMS 0x000000008eb00000, 0x000000008eb00000| Complete 
| 236|0x000000008ec00000, 0x000000008ed00000, 0x000000008ed00000|100%| E|CS|TAMS 0x000000008ec00000, 0x000000008ec00000| Complete 
| 237|0x000000008ed00000, 0x000000008ee00000, 0x000000008ee00000|100%| E|CS|TAMS 0x000000008ed00000, 0x000000008ed00000| Complete 
| 238|0x000000008ee00000, 0x000000008ef00000, 0x000000008ef00000|100%| E|CS|TAMS 0x000000008ee00000, 0x000000008ee00000| Complete 
| 239|0x000000008ef00000, 0x000000008f000000, 0x000000008f000000|100%| E|CS|TAMS 0x000000008ef00000, 0x000000008ef00000| Complete 
| 240|0x000000008f000000, 0x000000008f100000, 0x000000008f100000|100%| E|CS|TAMS 0x000000008f000000, 0x000000008f000000| Complete 
| 241|0x000000008f100000, 0x000000008f200000, 0x000000008f200000|100%| E|CS|TAMS 0x000000008f100000, 0x000000008f100000| Complete 
| 242|0x000000008f200000, 0x000000008f300000, 0x000000008f300000|100%| E|CS|TAMS 0x000000008f200000, 0x000000008f200000| Complete 
| 243|0x000000008f300000, 0x000000008f400000, 0x000000008f400000|100%| E|CS|TAMS 0x000000008f300000, 0x000000008f300000| Complete 
| 244|0x000000008f400000, 0x000000008f500000, 0x000000008f500000|100%| E|CS|TAMS 0x000000008f400000, 0x000000008f400000| Complete 
| 245|0x000000008f500000, 0x000000008f600000, 0x000000008f600000|100%| E|CS|TAMS 0x000000008f500000, 0x000000008f500000| Complete 
| 246|0x000000008f600000, 0x000000008f700000, 0x000000008f700000|100%| E|CS|TAMS 0x000000008f600000, 0x000000008f600000| Complete 
| 247|0x000000008f700000, 0x000000008f800000, 0x000000008f800000|100%| E|CS|TAMS 0x000000008f700000, 0x000000008f700000| Complete 
| 248|0x000000008f800000, 0x000000008f900000, 0x000000008f900000|100%| E|CS|TAMS 0x000000008f800000, 0x000000008f800000| Complete 
| 249|0x000000008f900000, 0x000000008fa00000, 0x000000008fa00000|100%| E|CS|TAMS 0x000000008f900000, 0x000000008f900000| Complete 
| 250|0x000000008fa00000, 0x000000008fb00000, 0x000000008fb00000|100%| E|CS|TAMS 0x000000008fa00000, 0x000000008fa00000| Complete 
| 251|0x000000008fb00000, 0x000000008fc00000, 0x000000008fc00000|100%| E|CS|TAMS 0x000000008fb00000, 0x000000008fb00000| Complete 

Card table byte_map: [0x000002ea3ca20000,0x000002ea3ce20000] _byte_map_base: 0x000002ea3c620000

Marking Bits (Prev, Next): (CMBitMap*) 0x000002ea25c8ff90, (CMBitMap*) 0x000002ea25c8ff58
 Prev Bits: [0x000002ea3f220000, 0x000002ea41220000)
 Next Bits: [0x000002ea3d220000, 0x000002ea3f220000)

Polling page: 0x000002ea25420000

Metaspace:

Usage:
  Non-class:     56.85 MB capacity,    55.75 MB ( 98%) used,   927.82 KB (  2%) free+waste,   198.63 KB ( <1%) overhead. 
      Class:      9.22 MB capacity,     8.46 MB ( 92%) used,   684.36 KB (  7%) free+waste,    99.56 KB (  1%) overhead. 
       Both:     66.08 MB capacity,    64.21 MB ( 97%) used,     1.57 MB (  2%) free+waste,   298.19 KB ( <1%) overhead. 

Virtual space:
  Non-class space:       58.00 MB reserved,      57.08 MB ( 98%) committed 
      Class space:      504.00 MB reserved,       9.25 MB (  2%) committed 
             Both:      562.00 MB reserved,      66.33 MB ( 12%) committed 

Chunk freelists:
   Non-Class:  5.00 KB
       Class:  0 bytes
        Both:  5.00 KB

CodeHeap 'non-profiled nmethods': size=120000Kb used=3849Kb max_used=3849Kb free=116150Kb
 bounds [0x000002ea34dc0000, 0x000002ea35190000, 0x000002ea3c2f0000]
CodeHeap 'profiled nmethods': size=120000Kb used=13839Kb max_used=13839Kb free=106160Kb
 bounds [0x000002ea2d890000, 0x000002ea2e620000, 0x000002ea34dc0000]
CodeHeap 'non-nmethods': size=5760Kb used=2278Kb max_used=2315Kb free=3481Kb
 bounds [0x000002ea2d2f0000, 0x000002ea2d560000, 0x000002ea2d890000]
 total_blobs=7385 nmethods=6524 adapters=772
 compilation: enabled
              stopped_count=0, restarted_count=0
 full_count=0

Compilation events (10 events):
Event: 215.314 Thread 0x000002ea4452b000 6550       3       groovyjarjarasm.asm.ByteVector::put12 (64 bytes)
Event: 215.314 Thread 0x000002ea4452b000 nmethod 6550 0x000002ea2e60f290 code [0x000002ea2e60f440, 0x000002ea2e60f668]
Event: 215.314 Thread 0x000002ea4452b000 6548       1       org.gradle.internal.typeconversion.NotationConverterToNotationParserAdapter$ResultImpl::access$100 (5 bytes)
Event: 215.315 Thread 0x000002ea4452b000 nmethod 6548 0x000002ea35182090 code [0x000002ea35182220, 0x000002ea351822b8]
Event: 215.315 Thread 0x000002ea4452b000 6549       1       org.gradle.internal.typeconversion.NotationConverterToNotationParserAdapter$ResultImpl::access$200 (5 bytes)
Event: 215.315 Thread 0x000002ea4452b000 nmethod 6549 0x000002ea35182390 code [0x000002ea35182520, 0x000002ea351825b8]
Event: 215.315 Thread 0x000002ea4452b000 6552       3       java.lang.Thread::getContextClassLoader (32 bytes)
Event: 215.316 Thread 0x000002ea4452b000 nmethod 6552 0x000002ea2e60f810 code [0x000002ea2e60fa20, 0x000002ea2e610298]
Event: 215.325 Thread 0x000002ea4452b000 6554       3       java.util.Spliterators::checkFromToBounds (74 bytes)
Event: 215.327 Thread 0x000002ea4452b000 nmethod 6554 0x000002ea2e610590 code [0x000002ea2e610860, 0x000002ea2e6114e8]

GC Heap History (10 events):
Event: 50.039 GC heap before
{Heap before GC invocations=3 (full 0):
 garbage-first heap   total 258048K, used 82624K [0x0000000080000000, 0x0000000100000000)
  region size 1024K, 74 young (75776K), 11 survivors (11264K)
 Metaspace       used 27085K, capacity 27742K, committed 27824K, reserved 540672K
  class space    used 3536K, capacity 3805K, committed 3840K, reserved 516096K
}
Event: 50.054 GC heap after
{Heap after GC invocations=4 (full 0):
 garbage-first heap   total 258048K, used 21062K [0x0000000080000000, 0x0000000100000000)
  region size 1024K, 3 young (3072K), 3 survivors (3072K)
 Metaspace       used 27085K, capacity 27742K, committed 27824K, reserved 540672K
  class space    used 3536K, capacity 3805K, committed 3840K, reserved 516096K
}
Event: 58.326 GC heap before
{Heap before GC invocations=4 (full 0):
 garbage-first heap   total 258048K, used 80454K [0x0000000080000000, 0x0000000100000000)
  region size 1024K, 62 young (63488K), 3 survivors (3072K)
 Metaspace       used 34937K, capacity 35735K, committed 35888K, reserved 548864K
  class space    used 4525K, capacity 4877K, committed 4992K, reserved 516096K
}
Event: 58.336 GC heap after
{Heap after GC invocations=5 (full 0):
 garbage-first heap   total 258048K, used 23816K [0x0000000080000000, 0x0000000100000000)
  region size 1024K, 6 young (6144K), 6 survivors (6144K)
 Metaspace       used 34937K, capacity 35735K, committed 35888K, reserved 548864K
  class space    used 4525K, capacity 4877K, committed 4992K, reserved 516096K
}
Event: 152.113 GC heap before
{Heap before GC invocations=6 (full 0):
 garbage-first heap   total 258048K, used 131336K [0x0000000080000000, 0x0000000100000000)
  region size 1024K, 109 young (111616K), 6 survivors (6144K)
 Metaspace       used 42323K, capacity 43530K, committed 43824K, reserved 555008K
  class space    used 5439K, capacity 5928K, committed 6016K, reserved 516096K
}
Event: 152.130 GC heap after
{Heap after GC invocations=7 (full 0):
 garbage-first heap   total 258048K, used 30876K [0x0000000080000000, 0x0000000100000000)
  region size 1024K, 13 young (13312K), 13 survivors (13312K)
 Metaspace       used 42323K, capacity 43530K, committed 43824K, reserved 555008K
  class space    used 5439K, capacity 5928K, committed 6016K, reserved 516096K
}
Event: 181.585 GC heap before
{Heap before GC invocations=7 (full 0):
 garbage-first heap   total 258048K, used 155804K [0x0000000080000000, 0x0000000100000000)
  region size 1024K, 135 young (138240K), 13 survivors (13312K)
 Metaspace       used 51126K, capacity 52587K, committed 52784K, reserved 563200K
  class space    used 6661K, capacity 7281K, committed 7296K, reserved 516096K
}
Event: 181.704 GC heap after
{Heap after GC invocations=8 (full 0):
 garbage-first heap   total 258048K, used 34592K [0x0000000080000000, 0x0000000100000000)
  region size 1024K, 11 young (11264K), 11 survivors (11264K)
 Metaspace       used 51126K, capacity 52587K, committed 52784K, reserved 563200K
  class space    used 6661K, capacity 7281K, committed 7296K, reserved 516096K
}
Event: 198.007 GC heap before
{Heap before GC invocations=8 (full 0):
 garbage-first heap   total 258048K, used 120608K [0x0000000080000000, 0x0000000100000000)
  region size 1024K, 90 young (92160K), 11 survivors (11264K)
 Metaspace       used 58447K, capacity 60161K, committed 60240K, reserved 569344K
  class space    used 7684K, capacity 8429K, committed 8448K, reserved 516096K
}
Event: 198.034 GC heap after
{Heap after GC invocations=9 (full 0):
 garbage-first heap   total 258048K, used 45338K [0x0000000080000000, 0x0000000100000000)
  region size 1024K, 9 young (9216K), 9 survivors (9216K)
 Metaspace       used 58447K, capacity 60161K, committed 60240K, reserved 569344K
  class space    used 7684K, capacity 8429K, committed 8448K, reserved 516096K
}

Deoptimization events (10 events):
Event: 209.508 Thread 0x000002ea45655800 Uncommon trap: reason=class_check action=maybe_recompile pc=0x000002ea34fc06bc method=jdk.internal.loader.URLClassPath.getResource(Ljava/lang/String;Z)Ljdk/internal/loader/Resource; @ 53 c2
Event: 209.508 Thread 0x000002ea45655800 Uncommon trap: reason=unstable_if action=reinterpret pc=0x000002ea34ea6574 method=java.lang.String.regionMatches(ZILjava/lang/String;II)Z @ 36 c2
Event: 209.518 Thread 0x000002ea45655800 Uncommon trap: reason=class_check action=maybe_recompile pc=0x000002ea350e2514 method=jdk.internal.loader.Resource.getBytes()[B @ 10 c2
Event: 209.531 Thread 0x000002ea45655800 Uncommon trap: reason=class_check action=maybe_recompile pc=0x000002ea34f31a40 method=jdk.internal.loader.URLClassPath.getLoader(I)Ljdk/internal/loader/URLClassPath$Loader; @ 190 c2
Event: 209.531 Thread 0x000002ea45655800 Uncommon trap: reason=class_check action=maybe_recompile pc=0x000002ea34fc06bc method=jdk.internal.loader.URLClassPath.getResource(Ljava/lang/String;Z)Ljdk/internal/loader/Resource; @ 53 c2
Event: 209.532 Thread 0x000002ea45655800 Uncommon trap: reason=class_check action=maybe_recompile pc=0x000002ea350e2514 method=jdk.internal.loader.Resource.getBytes()[B @ 10 c2
Event: 209.535 Thread 0x000002ea45655800 Uncommon trap: reason=class_check action=maybe_recompile pc=0x000002ea34f31a40 method=jdk.internal.loader.URLClassPath.getLoader(I)Ljdk/internal/loader/URLClassPath$Loader; @ 190 c2
Event: 209.627 Thread 0x000002ea45655800 Uncommon trap: reason=class_check action=maybe_recompile pc=0x000002ea34fc06bc method=jdk.internal.loader.URLClassPath.getResource(Ljava/lang/String;Z)Ljdk/internal/loader/Resource; @ 53 c2
Event: 209.662 Thread 0x000002ea45655800 Uncommon trap: reason=class_check action=maybe_recompile pc=0x000002ea350e2514 method=jdk.internal.loader.Resource.getBytes()[B @ 10 c2
Event: 209.670 Thread 0x000002ea45655800 Uncommon trap: reason=class_check action=maybe_recompile pc=0x000002ea34f9da6c method=jdk.internal.loader.URLClassPath.getResource(Ljava/lang/String;Z)Ljdk/internal/loader/Resource; @ 53 c2

Classes redefined (0 events):
No events

Internal exceptions (10 events):
Event: 199.633 Thread 0x000002ea45655800 Exception <a 'java/lang/ClassNotFoundException'{0x000000008f54f6a8}: org/jetbrains/kotlin/gradle/targets/js/npm/DefaultPeerNpmDependencyExtensionBeanInfo> (0x000000008f54f6a8) thrown at [./open/src/hotspot/share/classfile/systemDictionary.cpp, line 226]
Event: 199.634 Thread 0x000002ea45655800 Exception <a 'java/lang/ClassNotFoundException'{0x000000008f55d8f8}: org/jetbrains/kotlin/gradle/targets/js/npm/DefaultPeerNpmDependencyExtensionCustomizer> (0x000000008f55d8f8) thrown at [./open/src/hotspot/share/classfile/systemDictionary.cpp, line 226]
Event: 199.638 Thread 0x000002ea45655800 Exception <a 'java/lang/ClassNotFoundException'{0x000000008f5ac918}: org/jetbrains/kotlin/gradle/targets/js/npm/DefaultPeerNpmDependencyExtension$delegate$1BeanInfo> (0x000000008f5ac918) thrown at [./open/src/hotspot/share/classfile/systemDictionary.cpp, 
Event: 199.639 Thread 0x000002ea45655800 Exception <a 'java/lang/ClassNotFoundException'{0x000000008f5baf90}: org/jetbrains/kotlin/gradle/targets/js/npm/DefaultPeerNpmDependencyExtension$delegate$1Customizer> (0x000000008f5baf90) thrown at [./open/src/hotspot/share/classfile/systemDictionary.cpp
Event: 215.301 Thread 0x000002ea45655800 Exception <a 'java/lang/ClassNotFoundException'{0x0000000088b91d00}: build_edl8z0qjm2bz1w58ob889lx4yBeanInfo> (0x0000000088b91d00) thrown at [./open/src/hotspot/share/classfile/systemDictionary.cpp, line 226]
Event: 215.302 Thread 0x000002ea45655800 Exception <a 'java/lang/ClassNotFoundException'{0x0000000088baab00}: org/gradle/api/internal/project/ProjectScriptBeanInfo> (0x0000000088baab00) thrown at [./open/src/hotspot/share/classfile/systemDictionary.cpp, line 226]
Event: 215.303 Thread 0x000002ea45655800 Exception <a 'java/lang/ClassNotFoundException'{0x0000000088bc3b90}: org/gradle/api/internal/project/ProjectScriptCustomizer> (0x0000000088bc3b90) thrown at [./open/src/hotspot/share/classfile/systemDictionary.cpp, line 226]
Event: 215.305 Thread 0x000002ea45655800 Exception <a 'java/lang/ClassNotFoundException'{0x0000000088be0b18}: build_edl8z0qjm2bz1w58ob889lx4yCustomizer> (0x0000000088be0b18) thrown at [./open/src/hotspot/share/classfile/systemDictionary.cpp, line 226]
Event: 215.316 Thread 0x000002ea45655800 Exception <a 'java/lang/ClassNotFoundException'{0x0000000088a577f8}: org/gradle/internal/metaobject/ConfigureDelegateBeanInfo> (0x0000000088a577f8) thrown at [./open/src/hotspot/share/classfile/systemDictionary.cpp, line 226]
Event: 215.317 Thread 0x000002ea45655800 Exception <a 'java/lang/ClassNotFoundException'{0x0000000088a83730}: org/gradle/internal/metaobject/ConfigureDelegateCustomizer> (0x0000000088a83730) thrown at [./open/src/hotspot/share/classfile/systemDictionary.cpp, line 226]

Events (10 events):
Event: 215.323 loading class groovy/runtime/metaclass/build_edl8z0qjm2bz1w58ob889lx4y$_run_closure1$_closure2MetaClass
Event: 215.323 loading class groovy/runtime/metaclass/build_edl8z0qjm2bz1w58ob889lx4y$_run_closure1$_closure2MetaClass done
Event: 215.324 loading class groovy/runtime/metaclass/org/gradle/api/internal/initialization/DefaultScriptHandlerMetaClass
Event: 215.324 loading class groovy/runtime/metaclass/org/gradle/api/internal/initialization/DefaultScriptHandlerMetaClass done
Event: 215.325 loading class org/gradle/api/internal/initialization/DefaultScriptHandlerBeanInfo
Event: 215.325 loading class org/gradle/api/internal/initialization/DefaultScriptHandlerBeanInfo done
Event: 215.326 loading class org/gradle/api/internal/initialization/DefaultScriptHandlerBeanInfo
Event: 215.326 loading class org/gradle/api/internal/initialization/DefaultScriptHandlerBeanInfo done
Event: 215.326 loading class org/gradle/api/internal/initialization/DefaultScriptHandlerBeanInfo
Event: 215.326 loading class org/gradle/api/internal/initialization/DefaultScriptHandlerBeanInfo done


Dynamic libraries:
0x00007ff6609c0000 - 0x00007ff6609cf000 	C:\Program Files\Java\jdk-11.0.16.1\bin\java.exe
0x00007ff91e2f0000 - 0x00007ff91e504000 	C:\WINDOWS\SYSTEM32\ntdll.dll
0x00007ff91c320000 - 0x00007ff91c3e4000 	C:\WINDOWS\System32\KERNEL32.DLL
0x00007ff91b6a0000 - 0x00007ff91ba44000 	C:\WINDOWS\System32\KERNELBASE.dll
0x00007ff91bc40000 - 0x00007ff91bd51000 	C:\WINDOWS\System32\ucrtbase.dll
0x00007ff912a30000 - 0x00007ff912a48000 	C:\Program Files\Java\jdk-11.0.16.1\bin\jli.dll
0x00007ff91d4e0000 - 0x00007ff91d590000 	C:\WINDOWS\System32\ADVAPI32.dll
0x00007ff91d380000 - 0x00007ff91d427000 	C:\WINDOWS\System32\msvcrt.dll
0x00007ff91d430000 - 0x00007ff91d4d6000 	C:\WINDOWS\System32\sechost.dll
0x00007ff91e190000 - 0x00007ff91e2a7000 	C:\WINDOWS\System32\RPCRT4.dll
0x00007ff90e9c0000 - 0x00007ff90e9d5000 	C:\Program Files\Java\jdk-11.0.16.1\bin\VCRUNTIME140.dll
0x00007ff91d590000 - 0x00007ff91d73e000 	C:\WINDOWS\System32\USER32.dll
0x00007ff91bdd0000 - 0x00007ff91bdf6000 	C:\WINDOWS\System32\win32u.dll
0x00007ff91d110000 - 0x00007ff91d139000 	C:\WINDOWS\System32\GDI32.dll
0x00007ff91be00000 - 0x00007ff91bf18000 	C:\WINDOWS\System32\gdi32full.dll
0x00007ff91bf20000 - 0x00007ff91bfba000 	C:\WINDOWS\System32\msvcp_win.dll
0x00007ff8fc1c0000 - 0x00007ff8fc453000 	C:\WINDOWS\WinSxS\amd64_microsoft.windows.common-controls_6595b64144ccf1df_6.0.22621.2215_none_270d72677387dfc3\COMCTL32.dll
0x00007ff911080000 - 0x00007ff91108a000 	C:\WINDOWS\SYSTEM32\VERSION.dll
0x00007ff91c5a0000 - 0x00007ff91c5d1000 	C:\WINDOWS\System32\IMM32.DLL
0x00007ff8d7ed0000 - 0x00007ff8d7f6b000 	C:\Program Files\Java\jdk-11.0.16.1\bin\msvcp140.dll
0x00007ff890210000 - 0x00007ff890d28000 	C:\Program Files\Java\jdk-11.0.16.1\bin\server\jvm.dll
0x00007ff91c530000 - 0x00007ff91c538000 	C:\WINDOWS\System32\PSAPI.DLL
0x00007ff8f2390000 - 0x00007ff8f2399000 	C:\WINDOWS\SYSTEM32\WSOCK32.dll
0x00007ff91c420000 - 0x00007ff91c491000 	C:\WINDOWS\System32\WS2_32.dll
0x00007ff90f540000 - 0x00007ff90f574000 	C:\WINDOWS\SYSTEM32\WINMM.dll
0x00007ff91a750000 - 0x00007ff91a768000 	C:\WINDOWS\SYSTEM32\kernel.appcore.dll
0x00007ff912b50000 - 0x00007ff912b60000 	C:\Program Files\Java\jdk-11.0.16.1\bin\verify.dll
0x00007ff919050000 - 0x00007ff91927e000 	C:\WINDOWS\SYSTEM32\DBGHELP.DLL
0x00007ff91dbc0000 - 0x00007ff91df4a000 	C:\WINDOWS\System32\combase.dll
0x00007ff91c080000 - 0x00007ff91c157000 	C:\WINDOWS\System32\OLEAUT32.dll
0x00007ff8f34a0000 - 0x00007ff8f34d2000 	C:\WINDOWS\SYSTEM32\dbgcore.DLL
0x00007ff91ba50000 - 0x00007ff91baca000 	C:\WINDOWS\System32\bcryptPrimitives.dll
0x00007ff909290000 - 0x00007ff9092b8000 	C:\Program Files\Java\jdk-11.0.16.1\bin\java.dll
0x00007ff912a20000 - 0x00007ff912a2a000 	C:\Program Files\Java\jdk-11.0.16.1\bin\jimage.dll
0x00007ff908ae0000 - 0x00007ff908af6000 	C:\Program Files\Java\jdk-11.0.16.1\bin\zip.dll
0x00007ff91c740000 - 0x00007ff91cf63000 	C:\WINDOWS\System32\SHELL32.dll
0x00007ff9195f0000 - 0x00007ff919eda000 	C:\WINDOWS\SYSTEM32\windows.storage.dll
0x00007ff9194b0000 - 0x00007ff9195ee000 	C:\WINDOWS\SYSTEM32\wintypes.dll
0x00007ff91c160000 - 0x00007ff91c253000 	C:\WINDOWS\System32\SHCORE.dll
0x00007ff91c540000 - 0x00007ff91c59e000 	C:\WINDOWS\System32\shlwapi.dll
0x00007ff91b5d0000 - 0x00007ff91b5f6000 	C:\WINDOWS\SYSTEM32\profapi.dll
0x00007ff904c20000 - 0x00007ff904c39000 	C:\Program Files\Java\jdk-11.0.16.1\bin\net.dll
0x00007ff912620000 - 0x00007ff912757000 	C:\WINDOWS\SYSTEM32\WINHTTP.dll
0x00007ff91ac10000 - 0x00007ff91ac79000 	C:\WINDOWS\system32\mswsock.dll
0x00007ff904890000 - 0x00007ff9048a2000 	C:\Program Files\Java\jdk-11.0.16.1\bin\nio.dll
0x00007ff902b40000 - 0x00007ff902b67000 	C:\Users\Hameed_Ijadunola\.gradle\native\68d5fa5c4cc2d200863cafc0d521ce42e7d3e7ee720ec0a83991735586a16f82\windows-amd64\native-platform.dll
0x00007ff8d5570000 - 0x00007ff8d56b4000 	C:\Users\Hameed_Ijadunola\.gradle\native\e376f236ea51e6404a007f0833ffe2c6e607c4080706a723a18a27aeea778392\windows-amd64\native-platform-file-events.dll
0x00007ff911e20000 - 0x00007ff911e29000 	C:\Program Files\Java\jdk-11.0.16.1\bin\management.dll
0x00007ff90f5a0000 - 0x00007ff90f5ab000 	C:\Program Files\Java\jdk-11.0.16.1\bin\management_ext.dll
0x00007ff91af30000 - 0x00007ff91af4b000 	C:\WINDOWS\SYSTEM32\CRYPTSP.dll
0x00007ff91a710000 - 0x00007ff91a745000 	C:\WINDOWS\system32\rsaenh.dll
0x00007ff91acb0000 - 0x00007ff91acdc000 	C:\WINDOWS\SYSTEM32\USERENV.dll
0x00007ff91b070000 - 0x00007ff91b098000 	C:\WINDOWS\SYSTEM32\bcrypt.dll
0x00007ff91af10000 - 0x00007ff91af1c000 	C:\WINDOWS\SYSTEM32\CRYPTBASE.dll
0x00007ff91a1b0000 - 0x00007ff91a1dd000 	C:\WINDOWS\SYSTEM32\IPHLPAPI.DLL
0x00007ff91c730000 - 0x00007ff91c739000 	C:\WINDOWS\System32\NSI.dll
0x00007ff912550000 - 0x00007ff912569000 	C:\WINDOWS\SYSTEM32\dhcpcsvc6.DLL
0x00007ff911dc0000 - 0x00007ff911ddf000 	C:\WINDOWS\SYSTEM32\dhcpcsvc.DLL
0x00007ff91a1e0000 - 0x00007ff91a2d2000 	C:\WINDOWS\SYSTEM32\DNSAPI.dll

dbghelp: loaded successfully - version: 4.0.5 - missing functions: none
symbol engine: initialized successfully - sym options: 0x614 - pdb path: .;C:\Program Files\Java\jdk-11.0.16.1\bin;C:\WINDOWS\SYSTEM32;C:\WINDOWS\WinSxS\amd64_microsoft.windows.common-controls_6595b64144ccf1df_6.0.22621.2215_none_270d72677387dfc3;C:\Program Files\Java\jdk-11.0.16.1\bin\server;C:\Users\Hameed_Ijadunola\.gradle\native\68d5fa5c4cc2d200863cafc0d521ce42e7d3e7ee720ec0a83991735586a16f82\windows-amd64;C:\Users\Hameed_Ijadunola\.gradle\native\e376f236ea51e6404a007f0833ffe2c6e607c4080706a723a18a27aeea778392\windows-amd64

VM Arguments:
jvm_args: -XX:MaxMetaspaceSize=512m --add-opens=java.base/java.util=ALL-UNNAMED --add-opens=java.base/java.lang=ALL-UNNAMED --add-opens=java.base/java.lang.invoke=ALL-UNNAMED --add-opens=java.prefs/java.util.prefs=ALL-UNNAMED --add-opens=java.base/java.nio.charset=ALL-UNNAMED --add-opens=java.base/java.net=ALL-UNNAMED --add-opens=java.base/java.util.concurrent.atomic=ALL-UNNAMED -Xmx2048m -Dfile.encoding=windows-1252 -Duser.country=US -Duser.language=en -Duser.variant 
java_command: org.gradle.launcher.daemon.bootstrap.GradleDaemon 8.0.1
java_class_path (initial): C:\Users\Hameed_Ijadunola\.gradle\wrapper\dists\gradle-8.0.1-all\aro4hu1c3oeioove7l0i4i14o\gradle-8.0.1\lib\gradle-launcher-8.0.1.jar
Launcher Type: SUN_STANDARD

[Global flags]
     intx CICompilerCount                          = 4                                         {product} {ergonomic}
   size_t CompressedClassSpaceSize                 = 528482304                                 {product} {ergonomic}
     uint ConcGCThreads                            = 2                                         {product} {ergonomic}
     uint G1ConcRefinementThreads                  = 8                                         {product} {ergonomic}
   size_t G1HeapRegionSize                         = 1048576                                   {product} {ergonomic}
    uintx GCDrainStackTargetSize                   = 64                                        {product} {ergonomic}
   size_t InitialHeapSize                          = 264241152                                 {product} {ergonomic}
   size_t MarkStackSize                            = 4194304                                   {product} {ergonomic}
   size_t MaxHeapSize                              = 2147483648                                {product} {command line}
   size_t MaxMetaspaceSize                         = 536870912                                 {product} {command line}
   size_t MaxNewSize                               = 1287651328                                {product} {ergonomic}
   size_t MinHeapDeltaBytes                        = 1048576                                   {product} {ergonomic}
    uintx NonNMethodCodeHeapSize                   = 5836300                                {pd product} {ergonomic}
    uintx NonProfiledCodeHeapSize                  = 122910970                              {pd product} {ergonomic}
    uintx ProfiledCodeHeapSize                     = 122910970                              {pd product} {ergonomic}
    uintx ReservedCodeCacheSize                    = 251658240                              {pd product} {ergonomic}
     bool SegmentedCodeCache                       = true                                      {product} {ergonomic}
     bool UseCompressedClassPointers               = true                                 {lp64_product} {ergonomic}
     bool UseCompressedOops                        = true                                 {lp64_product} {ergonomic}
     bool UseG1GC                                  = true                                      {product} {ergonomic}
     bool UseLargePagesIndividualAllocation        = false                                  {pd product} {ergonomic}

Logging:
Log output configuration:
 #0: stdout all=warning uptime,level,tags
 #1: stderr all=off uptime,level,tags

Environment Variables:
JAVA_HOME=C:\Program Files\Java\jdk-11.0.16.1
CLASSPATH=C:\Users\Hameed_Ijadunola\Documents\Lendsqr\FPNews\android\\gradle\wrapper\gradle-wrapper.jar
PATH=C:\Users\Hameed_Ijadunola\Documents\Lendsqr\FPNews\node_modules\.bin;C:\Users\Hameed_Ijadunola\Documents\Lendsqr\FPNews\node_modules\.bin;C:\Users\Hameed_Ijadunola\Documents\Lendsqr\node_modules\.bin;C:\Users\Hameed_Ijadunola\Documents\node_modules\.bin;C:\Users\Hameed_Ijadunola\node_modules\.bin;C:\Users\node_modules\.bin;C:\node_modules\.bin;C:\Users\Hameed_Ijadunola\AppData\Roaming\nvm\v18.17.1\node_modules\npm\node_modules\@npmcli\run-script\lib\node-gyp-bin;C:\Users\HAMEED~1\AppData\Local\Temp\yarn--1696028857012-0.12358839726997695;C:\Users\Hameed_Ijadunola\Documents\Lendsqr\FPNews\node_modules\.bin;C:\Users\Hameed_Ijadunola\AppData\Local\Yarn\Data\link\node_modules\.bin;C:\Users\Hameed_Ijadunola\AppData\Local\Yarn\bin;C:\Program Files\libexec\lib\node_modules\npm\bin\node-gyp-bin;C:\Program Files\lib\node_modules\npm\bin\node-gyp-bin;C:\Program Files\nodejs\node_modules\npm\bin\node-gyp-bin;C:\Program Files (x86)\VMware\VMware Player\bin\;C:\Program Files\Common Files\Oracle\Java\javapath;C:\Program Files\Eclipse Adoptium\jdk-11.0.16.101-hotspot\bin;C:\Python310\Scripts\;C:\Python310\;C:\WINDOWS\system32;C:\WINDOWS;C:\WINDOWS\System32\Wbem;C:\WINDOWS\System32\WindowsPowerShell\v1.0\;C:\WINDOWS\System32\OpenSSH\;C:\Program Files\Microsoft VS Code\bin;C:\Program Files\Git\cmd;C:\Users\Sabi_Employee\AppData\Roaming\npm;C:\ProgramData\chocolatey\bin;C:\Program Files\OpenJDK\openjdk-8u312-b07\bin;C:\Users\Sabi_Employee\AppData\Local\Android\Sdk\platform-tools;C:\Program Files\PuTTY\;C:\Gradle\gradle-7.3.3\bin;C:\xampp\php;C:\ProgramData\ComposerSetup\bin;C:\Users\Hameed_Ijadunola\AppData\Roaming\nvm;C:\Program Files\nodejs;C:\Python27\;C:\Python27\Scripts\;C:\Users\Hameed_Ijadunola\AppData\Local\Microsoft\WindowsApps;C:\Users\Hameed_Ijadunola\AppData\Roaming\npm;C:\Users\Hameed_Ijadunola\AppData\Roaming\Composer\vendor\bin;C:\Program Files\heroku\bin;C:\Program Files (x86)\MongoDB Atlas CLI\;C:\Program Files\MongoDB\Tools\100\bin;C:\Users\Hameed_Ijadunola\AppDat
USERNAME=Sabi Employee
OS=Windows_NT
PROCESSOR_IDENTIFIER=Intel64 Family 6 Model 140 Stepping 1, GenuineIntel



---------------  S Y S T E M  ---------------

OS: Windows 11 , 64 bit Build 22621 (10.0.22621.2215)
Hyper-V role detected

CPU:total 8 (initial active 8) (4 cores per cpu, 2 threads per core) family 6 model 140 stepping 1 microcode 0xa4, cmov, cx8, fxsr, mmx, sse, sse2, sse3, ssse3, sse4.1, sse4.2, popcnt, avx, avx2, aes, clmul, erms, 3dnowpref, lzcnt, ht, tsc, tscinvbit, bmi1, bmi2, adx, evex, sha, fma

Memory: 4k page, system-wide physical 16091M (63M free)
TotalPageFile size 62113M (AvailPageFile size 0M)
current process WorkingSet (physical memory assigned to process): 303M, peak: 320M
current process commit charge ("private bytes"): 468M, peak: 486M

vm_info: Java HotSpot(TM) 64-Bit Server VM (11.0.16.1+1-LTS-1) for windows-amd64 JRE (11.0.16.1+1-LTS-1), built on Aug 16 2022 01:46:01 by "mach5one" with MS VC++ 15.9 (VS2017)

END.
